Using pre-set license
Built from '2020.3/staging' branch; Version is '2020.3.0f1 (c7b5465681fb) revision 13088070'; Using compiler version '192528614'; Build Type 'Release'
OS: 'Windows 10 Pro; OS build 19044.1865; Version 2009; 64bit' Language: 'en' Physical Memory: 8097 MB
BatchMode: 1, IsHumanControllingUs: 0, StartBugReporterOnCrash: 0, Is64bit: 1, IsPro: 0

 COMMAND LINE ARGUMENTS:
C:\Program Files\Unity\Hub\Editor\2020.3.0f1\Editor\Unity.exe
-adb2
-batchMode
-noUpm
-name
AssetImportWorker0
-projectPath
D:/UNIVERSITY/Summer GD/My_Games/MakeAGame
-logFile
Logs/AssetImportWorker0.log
-srvPort
60456
Successfully changed project path to: D:/UNIVERSITY/Summer GD/My_Games/MakeAGame
D:/UNIVERSITY/Summer GD/My_Games/MakeAGame
Using Asset Import Pipeline V2.
Refreshing native plugins compatible for Editor in 74.49 ms, found 0 plugins.
Preloading 0 native plugins for Editor in 0.00 ms.
Initialize engine version: 2020.3.0f1 (c7b5465681fb)
[Subsystems] Discovering subsystems at path C:/Program Files/Unity/Hub/Editor/2020.3.0f1/Editor/Data/Resources/UnitySubsystems
[Subsystems] Discovering subsystems at path D:/UNIVERSITY/Summer GD/My_Games/MakeAGame/Assets
GfxDevice: creating device client; threaded=0
Direct3D:
    Version:  Direct3D 11.0 [level 11.1]
    Renderer: Intel(R) HD Graphics 4600 (ID=0x416)
    Vendor:   
    VRAM:     2048 MB
    Driver:   20.19.15.5063
Initialize mono
Mono path[0] = 'C:/Program Files/Unity/Hub/Editor/2020.3.0f1/Editor/Data/Managed'
Mono path[1] = 'C:/Program Files/Unity/Hub/Editor/2020.3.0f1/Editor/Data/MonoBleedingEdge/lib/mono/unityjit'
Mono config path = 'C:/Program Files/Unity/Hub/Editor/2020.3.0f1/Editor/Data/MonoBleedingEdge/etc'
Using monoOptions --debugger-agent=transport=dt_socket,embedding=1,server=y,suspend=n,address=127.0.0.1:56604
Begin MonoManager ReloadAssembly
Registering precompiled unity dll's ...
Register platform support module: C:/Program Files/Unity/Hub/Editor/2020.3.0f1/Editor/Data/PlaybackEngines/WebGLSupport/UnityEditor.WebGL.Extensions.dll
Register platform support module: C:/Program Files/Unity/Hub/Editor/2020.3.0f1/Editor/Data/PlaybackEngines/WindowsStandaloneSupport/UnityEditor.WindowsStandalone.Extensions.dll
Registered in 0.002399 seconds.
Native extension for WindowsStandalone target not found
Native extension for WebGL target not found
Refreshing native plugins compatible for Editor in 33.09 ms, found 0 plugins.
Preloading 0 native plugins for Editor in 0.00 ms.
Invoked RoslynAnalysisRunner static constructor.
RoslynAnalysisRunner will not be running.
RoslynAnalysisRunner has terminated.
Mono: successfully reloaded assembly
- Completed reload, in  7.658 seconds
Platform modules already initialized, skipping
Registering precompiled user dll's ...
Registered in 0.000663 seconds.
Begin MonoManager ReloadAssembly
Native extension for WindowsStandalone target not found
Native extension for WebGL target not found
Refreshing native plugins compatible for Editor in 35.09 ms, found 0 plugins.
Preloading 0 native plugins for Editor in 0.00 ms.
Invoked RoslynAnalysisRunner static constructor.
RoslynAnalysisRunner will not be running.
RoslynAnalysisRunner has terminated.
Mono: successfully reloaded assembly
- Completed reload, in  1.310 seconds
Platform modules already initialized, skipping
========================================================================
Worker process is ready to serve import requests
Launched and connected shader compiler UnityShaderCompiler.exe after 0.25 seconds
Refreshing native plugins compatible for Editor in 0.59 ms, found 0 plugins.
Preloading 0 native plugins for Editor in 0.00 ms.
Unloading 1224 Unused Serialized files (Serialized files now loaded: 0)
System memory in use before: 136.0 MB.
System memory in use after: 136.0 MB.

Unloading 10 unused Assets to reduce memory usage. Loaded Objects now: 1688.
Total: 6.668100 ms (FindLiveObjects: 0.529100 ms CreateObjectMapping: 0.202600 ms MarkObjects: 5.600700 ms  DeleteObjects: 0.329300 ms)

========================================================================
Received Import Request.
  path: Assets/Scripts/CoinCollect.cs
  artifactKey: Guid(831fbd2394d71a74cb2bd67e823d6085) Importer(815301076,1909f56bfc062723c751e8b465ee728b)
Start importing Assets/Scripts/CoinCollect.cs using Guid(831fbd2394d71a74cb2bd67e823d6085) Importer(815301076,1909f56bfc062723c751e8b465ee728b)  -> (artifact id: '8637a5b6fe7f29a419d58cadb7d998f8') in 0.113665 seconds
  Import took 0.127935 seconds .

========================================================================
Received Prepare
Registering precompiled user dll's ...
Registered in 0.000658 seconds.
Begin MonoManager ReloadAssembly
Native extension for WindowsStandalone target not found
Native extension for WebGL target not found
Refreshing native plugins compatible for Editor in 0.30 ms, found 0 plugins.
Preloading 0 native plugins for Editor in 0.00 ms.
Invoked RoslynAnalysisRunner static constructor.
RoslynAnalysisRunner will not be running.
RoslynAnalysisRunner has terminated.
Mono: successfully reloaded assembly
- Completed reload, in  1.091 seconds
Platform modules already initialized, skipping
Refreshing native plugins compatible for Editor in 0.30 ms, found 0 plugins.
Preloading 0 native plugins for Editor in 0.00 ms.
Unloading 1219 Unused Serialized files (Serialized files now loaded: 0)
System memory in use before: 135.9 MB.
System memory in use after: 136.0 MB.

Unloading 5 unused Assets to reduce memory usage. Loaded Objects now: 1691.
Total: 2.053400 ms (FindLiveObjects: 0.210200 ms CreateObjectMapping: 0.097900 ms MarkObjects: 1.653100 ms  DeleteObjects: 0.090300 ms)

========================================================================
Received Import Request.
  Time since last request: 56.405932 seconds.
  path: Assets/Scripts/CoinCollect.cs
  artifactKey: Guid(831fbd2394d71a74cb2bd67e823d6085) Importer(815301076,1909f56bfc062723c751e8b465ee728b)
Start importing Assets/Scripts/CoinCollect.cs using Guid(831fbd2394d71a74cb2bd67e823d6085) Importer(815301076,1909f56bfc062723c751e8b465ee728b)  -> (artifact id: '98c6682d251ed8220654f7d954d3e73f') in 0.005073 seconds
  Import took 0.007727 seconds .

========================================================================
Received Prepare
Registering precompiled user dll's ...
Registered in 0.000694 seconds.
Begin MonoManager ReloadAssembly
Native extension for WindowsStandalone target not found
Native extension for WebGL target not found
Refreshing native plugins compatible for Editor in 0.28 ms, found 0 plugins.
Preloading 0 native plugins for Editor in 0.00 ms.
Invoked RoslynAnalysisRunner static constructor.
RoslynAnalysisRunner will not be running.
RoslynAnalysisRunner has terminated.
Mono: successfully reloaded assembly
- Completed reload, in  1.138 seconds
Platform modules already initialized, skipping
Refreshing native plugins compatible for Editor in 0.46 ms, found 0 plugins.
Preloading 0 native plugins for Editor in 0.00 ms.
Unloading 1219 Unused Serialized files (Serialized files now loaded: 0)
System memory in use before: 136.0 MB.
System memory in use after: 136.0 MB.

Unloading 5 unused Assets to reduce memory usage. Loaded Objects now: 1694.
Total: 3.748300 ms (FindLiveObjects: 0.252800 ms CreateObjectMapping: 0.115100 ms MarkObjects: 3.283800 ms  DeleteObjects: 0.094100 ms)

========================================================================
Received Prepare
Registering precompiled user dll's ...
Registered in 0.001516 seconds.
Begin MonoManager ReloadAssembly
Native extension for WindowsStandalone target not found
Native extension for WebGL target not found
Refreshing native plugins compatible for Editor in 0.28 ms, found 0 plugins.
Preloading 0 native plugins for Editor in 0.00 ms.
Invoked RoslynAnalysisRunner static constructor.
RoslynAnalysisRunner will not be running.
RoslynAnalysisRunner has terminated.
Mono: successfully reloaded assembly
- Completed reload, in  1.121 seconds
Platform modules already initialized, skipping
Refreshing native plugins compatible for Editor in 0.46 ms, found 0 plugins.
Preloading 0 native plugins for Editor in 0.00 ms.
Unloading 1219 Unused Serialized files (Serialized files now loaded: 0)
System memory in use before: 136.0 MB.
System memory in use after: 136.1 MB.

Unloading 5 unused Assets to reduce memory usage. Loaded Objects now: 1697.
Total: 2.374200 ms (FindLiveObjects: 0.198600 ms CreateObjectMapping: 0.094700 ms MarkObjects: 1.985500 ms  DeleteObjects: 0.093900 ms)

========================================================================
Received Prepare
Registering precompiled user dll's ...
Registered in 0.000647 seconds.
Begin MonoManager ReloadAssembly
Native extension for WindowsStandalone target not found
Native extension for WebGL target not found
Refreshing native plugins compatible for Editor in 0.30 ms, found 0 plugins.
Preloading 0 native plugins for Editor in 0.00 ms.
Invoked RoslynAnalysisRunner static constructor.
RoslynAnalysisRunner will not be running.
RoslynAnalysisRunner has terminated.
Mono: successfully reloaded assembly
- Completed reload, in  1.169 seconds
Platform modules already initialized, skipping
Refreshing native plugins compatible for Editor in 0.45 ms, found 0 plugins.
Preloading 0 native plugins for Editor in 0.00 ms.
Unloading 1219 Unused Serialized files (Serialized files now loaded: 0)
System memory in use before: 136.0 MB.
System memory in use after: 136.1 MB.

Unloading 5 unused Assets to reduce memory usage. Loaded Objects now: 1700.
Total: 3.344900 ms (FindLiveObjects: 0.299100 ms CreateObjectMapping: 0.138600 ms MarkObjects: 2.804300 ms  DeleteObjects: 0.101300 ms)

========================================================================
Received Prepare
Registering precompiled user dll's ...
Registered in 0.000630 seconds.
Begin MonoManager ReloadAssembly
Native extension for WindowsStandalone target not found
Native extension for WebGL target not found
Refreshing native plugins compatible for Editor in 0.76 ms, found 0 plugins.
Preloading 0 native plugins for Editor in 0.00 ms.
Invoked RoslynAnalysisRunner static constructor.
RoslynAnalysisRunner will not be running.
RoslynAnalysisRunner has terminated.
Mono: successfully reloaded assembly
- Completed reload, in  2.109 seconds
Platform modules already initialized, skipping
Refreshing native plugins compatible for Editor in 0.60 ms, found 0 plugins.
Preloading 0 native plugins for Editor in 0.00 ms.
Unloading 1219 Unused Serialized files (Serialized files now loaded: 0)
System memory in use before: 136.0 MB.
System memory in use after: 136.1 MB.

Unloading 5 unused Assets to reduce memory usage. Loaded Objects now: 1703.
Total: 10.867800 ms (FindLiveObjects: 0.719000 ms CreateObjectMapping: 0.665400 ms MarkObjects: 9.081000 ms  DeleteObjects: 0.392400 ms)

========================================================================
Received Import Request.
  Time since last request: 210.537368 seconds.
  path: Assets/Scripts/Particle System.prefab
  artifactKey: Guid(1348a12993f8c1a46807e8c4814cb74f) Importer(815301076,1909f56bfc062723c751e8b465ee728b)
Start importing Assets/Scripts/Particle System.prefab using Guid(1348a12993f8c1a46807e8c4814cb74f) Importer(815301076,1909f56bfc062723c751e8b465ee728b)  -> (artifact id: '2b15b7c7ef8c02672e810dea04e7be8e') in 0.078275 seconds
  Import took 0.081065 seconds .

========================================================================
Received Prepare
Registering precompiled user dll's ...
Registered in 0.001049 seconds.
Begin MonoManager ReloadAssembly
Native extension for WindowsStandalone target not found
Native extension for WebGL target not found
Refreshing native plugins compatible for Editor in 0.65 ms, found 0 plugins.
Preloading 0 native plugins for Editor in 0.00 ms.
Invoked RoslynAnalysisRunner static constructor.
RoslynAnalysisRunner will not be running.
RoslynAnalysisRunner has terminated.
Mono: successfully reloaded assembly
- Completed reload, in  2.237 seconds
Platform modules already initialized, skipping
Refreshing native plugins compatible for Editor in 0.51 ms, found 0 plugins.
Preloading 0 native plugins for Editor in 0.00 ms.
Unloading 1219 Unused Serialized files (Serialized files now loaded: 0)
System memory in use before: 136.1 MB.
System memory in use after: 136.2 MB.

Unloading 5 unused Assets to reduce memory usage. Loaded Objects now: 1706.
Total: 10.608100 ms (FindLiveObjects: 2.673300 ms CreateObjectMapping: 0.371300 ms MarkObjects: 7.233500 ms  DeleteObjects: 0.320500 ms)

========================================================================
Received Prepare
Registering precompiled user dll's ...
Registered in 0.000673 seconds.
Begin MonoManager ReloadAssembly
Native extension for WindowsStandalone target not found
Native extension for WebGL target not found
Refreshing native plugins compatible for Editor in 0.50 ms, found 0 plugins.
Preloading 0 native plugins for Editor in 0.00 ms.
Invoked RoslynAnalysisRunner static constructor.
RoslynAnalysisRunner will not be running.
RoslynAnalysisRunner has terminated.
Mono: successfully reloaded assembly
- Completed reload, in  2.329 seconds
Platform modules already initialized, skipping
Refreshing native plugins compatible for Editor in 1.07 ms, found 0 plugins.
Preloading 0 native plugins for Editor in 0.00 ms.
Unloading 1219 Unused Serialized files (Serialized files now loaded: 0)
System memory in use before: 136.1 MB.
System memory in use after: 136.2 MB.

Unloading 5 unused Assets to reduce memory usage. Loaded Objects now: 1709.
Total: 9.608100 ms (FindLiveObjects: 0.787500 ms CreateObjectMapping: 0.339500 ms MarkObjects: 7.943700 ms  DeleteObjects: 0.523100 ms)

========================================================================
Received Import Request.
  Time since last request: 155.569427 seconds.
  path: Assets/Scripts/Particle System.prefab
  artifactKey: Guid(1348a12993f8c1a46807e8c4814cb74f) Importer(815301076,1909f56bfc062723c751e8b465ee728b)
Start importing Assets/Scripts/Particle System.prefab using Guid(1348a12993f8c1a46807e8c4814cb74f) Importer(815301076,1909f56bfc062723c751e8b465ee728b)  -> (artifact id: '72a5af8a959f700dc4e04d198f17f9d6') in 0.037784 seconds
  Import took 0.041216 seconds .

========================================================================
Received Import Request.
  Time since last request: 3.407729 seconds.
  path: Assets/Materials/Shining.mat
  artifactKey: Guid(2847b28089d2351429d1043d3d5b524d) Importer(815301076,1909f56bfc062723c751e8b465ee728b)
Start importing Assets/Materials/Shining.mat using Guid(2847b28089d2351429d1043d3d5b524d) Importer(815301076,1909f56bfc062723c751e8b465ee728b)  -> (artifact id: '7c6ff030f4076cf3b9b5de7dc233d542') in 0.101408 seconds
  Import took 0.104908 seconds .

========================================================================
Received Import Request.
  Time since last request: 29.557480 seconds.
  path: Assets/Assets.index
  artifactKey: Guid(97e1070821e79714f8415fd4a7ea94bf) Importer(815301076,1909f56bfc062723c751e8b465ee728b)
Start importing Assets/Assets.index using Guid(97e1070821e79714f8415fd4a7ea94bf) Importer(815301076,1909f56bfc062723c751e8b465ee728b)  -> (artifact id: '9ca2f2f8db7f1bd0f2e1a41865efbcd7') in 0.058987 seconds
  Import took 0.063494 seconds .

========================================================================
Received Import Request.
  Time since last request: 0.001979 seconds.
  path: Assets/Assets.index
  artifactKey: Guid(97e1070821e79714f8415fd4a7ea94bf) Importer(815301076,1909f56bfc062723c751e8b465ee728b)
Start importing Assets/Assets.index using Guid(97e1070821e79714f8415fd4a7ea94bf) Importer(815301076,1909f56bfc062723c751e8b465ee728b)  -> (artifact id: '9ca2f2f8db7f1bd0f2e1a41865efbcd7') in 0.007171 seconds
  Import took 0.010598 seconds .

========================================================================
Received Import Request.
  Time since last request: 22.192279 seconds.
  path: Assets/Assets.index
  artifactKey: Guid(97e1070821e79714f8415fd4a7ea94bf) Importer(815301076,1909f56bfc062723c751e8b465ee728b)
Start importing Assets/Assets.index using Guid(97e1070821e79714f8415fd4a7ea94bf) Importer(815301076,1909f56bfc062723c751e8b465ee728b)  -> (artifact id: '8e2496f332dd49532e19a38de30546ed') in 0.010602 seconds
  Import took 0.014866 seconds .

========================================================================
Received Prepare
Registering precompiled user dll's ...
Registered in 0.000712 seconds.
Begin MonoManager ReloadAssembly
Native extension for WindowsStandalone target not found
Native extension for WebGL target not found
Refreshing native plugins compatible for Editor in 0.28 ms, found 0 plugins.
Preloading 0 native plugins for Editor in 0.00 ms.
Invoked RoslynAnalysisRunner static constructor.
RoslynAnalysisRunner will not be running.
RoslynAnalysisRunner has terminated.
Mono: successfully reloaded assembly
- Completed reload, in  1.000 seconds
Platform modules already initialized, skipping
Refreshing native plugins compatible for Editor in 0.30 ms, found 0 plugins.
Preloading 0 native plugins for Editor in 0.00 ms.
Unloading 1219 Unused Serialized files (Serialized files now loaded: 0)
System memory in use before: 139.5 MB.
System memory in use after: 139.5 MB.

Unloading 6 unused Assets to reduce memory usage. Loaded Objects now: 1752.
Total: 2.581000 ms (FindLiveObjects: 0.208900 ms CreateObjectMapping: 0.094800 ms MarkObjects: 2.166100 ms  DeleteObjects: 0.109400 ms)

========================================================================
Received Import Request.
  Time since last request: 955.730159 seconds.
  path: Assets/Assets.index
  artifactKey: Guid(97e1070821e79714f8415fd4a7ea94bf) Importer(815301076,1909f56bfc062723c751e8b465ee728b)
Start importing Assets/Assets.index using Guid(97e1070821e79714f8415fd4a7ea94bf) Importer(815301076,1909f56bfc062723c751e8b465ee728b)  -> (artifact id: 'ddf6a9bc4fc5babd327c11bc62a54063') in 0.430936 seconds
  Import took 0.434480 seconds .

========================================================================
Received Prepare
Registering precompiled user dll's ...
Registered in 0.000641 seconds.
Begin MonoManager ReloadAssembly
Native extension for WindowsStandalone target not found
Native extension for WebGL target not found
Refreshing native plugins compatible for Editor in 0.27 ms, found 0 plugins.
Preloading 0 native plugins for Editor in 0.00 ms.
Invoked RoslynAnalysisRunner static constructor.
RoslynAnalysisRunner will not be running.
RoslynAnalysisRunner has terminated.
Mono: successfully reloaded assembly
- Completed reload, in  1.447 seconds
Platform modules already initialized, skipping
Refreshing native plugins compatible for Editor in 0.58 ms, found 0 plugins.
Preloading 0 native plugins for Editor in 0.00 ms.
Unloading 1220 Unused Serialized files (Serialized files now loaded: 0)
System memory in use before: 139.5 MB.
System memory in use after: 139.6 MB.

Unloading 5 unused Assets to reduce memory usage. Loaded Objects now: 1756.
Total: 3.110200 ms (FindLiveObjects: 0.249200 ms CreateObjectMapping: 0.066600 ms MarkObjects: 2.668200 ms  DeleteObjects: 0.123700 ms)

========================================================================
Received Import Request.
  Time since last request: 6.284879 seconds.
  path: Assets/Assets.index
  artifactKey: Guid(97e1070821e79714f8415fd4a7ea94bf) Importer(815301076,1909f56bfc062723c751e8b465ee728b)
Start importing Assets/Assets.index using Guid(97e1070821e79714f8415fd4a7ea94bf) Importer(815301076,1909f56bfc062723c751e8b465ee728b)  -> (artifact id: '4ee130f4dccd0f8c2d135628cabea76b') in 0.175158 seconds
  Import took 0.180163 seconds .

========================================================================
Received Prepare
Registering precompiled user dll's ...
Registered in 0.000676 seconds.
Begin MonoManager ReloadAssembly
Native extension for WindowsStandalone target not found
Native extension for WebGL target not found
Refreshing native plugins compatible for Editor in 0.59 ms, found 0 plugins.
Preloading 0 native plugins for Editor in 0.00 ms.
Invoked RoslynAnalysisRunner static constructor.
RoslynAnalysisRunner will not be running.
RoslynAnalysisRunner has terminated.
Mono: successfully reloaded assembly
- Completed reload, in  1.275 seconds
Platform modules already initialized, skipping
Refreshing native plugins compatible for Editor in 0.33 ms, found 0 plugins.
Preloading 0 native plugins for Editor in 0.00 ms.
Unloading 1220 Unused Serialized files (Serialized files now loaded: 0)
System memory in use before: 139.5 MB.
System memory in use after: 139.6 MB.

Unloading 5 unused Assets to reduce memory usage. Loaded Objects now: 1759.
Total: 2.424300 ms (FindLiveObjects: 0.207300 ms CreateObjectMapping: 0.094400 ms MarkObjects: 2.031200 ms  DeleteObjects: 0.090000 ms)

========================================================================
Received Import Request.
  Time since last request: 5.214230 seconds.
  path: Assets/Scripts/Particle System.prefab
  artifactKey: Guid(1348a12993f8c1a46807e8c4814cb74f) Importer(815301076,1909f56bfc062723c751e8b465ee728b)
Start importing Assets/Scripts/Particle System.prefab using Guid(1348a12993f8c1a46807e8c4814cb74f) Importer(815301076,1909f56bfc062723c751e8b465ee728b)  -> (artifact id: '5584793bd8d794d2b7274d71f2aca982') in 0.068791 seconds
  Import took 0.078814 seconds .

========================================================================
Received Import Request.
  Time since last request: 0.014046 seconds.
  path: Assets/Scripts/Particle System.prefab
  artifactKey: Guid(1348a12993f8c1a46807e8c4814cb74f) Importer(815301076,1909f56bfc062723c751e8b465ee728b)
Start importing Assets/Scripts/Particle System.prefab using Guid(1348a12993f8c1a46807e8c4814cb74f) Importer(815301076,1909f56bfc062723c751e8b465ee728b)  -> (artifact id: '5584793bd8d794d2b7274d71f2aca982') in 0.015194 seconds
  Import took 0.041384 seconds .

========================================================================
Received Prepare
Registering precompiled user dll's ...
Registered in 0.000677 seconds.
Begin MonoManager ReloadAssembly
Native extension for WindowsStandalone target not found
Native extension for WebGL target not found
Refreshing native plugins compatible for Editor in 0.31 ms, found 0 plugins.
Preloading 0 native plugins for Editor in 0.00 ms.
Invoked RoslynAnalysisRunner static constructor.
RoslynAnalysisRunner will not be running.
RoslynAnalysisRunner has terminated.
Mono: successfully reloaded assembly
- Completed reload, in  1.131 seconds
Platform modules already initialized, skipping
Refreshing native plugins compatible for Editor in 0.43 ms, found 0 plugins.
Preloading 0 native plugins for Editor in 0.00 ms.
Unloading 1220 Unused Serialized files (Serialized files now loaded: 0)
System memory in use before: 139.5 MB.
System memory in use after: 139.6 MB.

Unloading 5 unused Assets to reduce memory usage. Loaded Objects now: 1762.
Total: 1.993500 ms (FindLiveObjects: 0.161000 ms CreateObjectMapping: 0.046400 ms MarkObjects: 1.693800 ms  DeleteObjects: 0.090500 ms)

========================================================================
Received Import Request.
  Time since last request: 230.322251 seconds.
  path: Assets/Scripts/CoinCollect.cs
  artifactKey: Guid(831fbd2394d71a74cb2bd67e823d6085) Importer(815301076,1909f56bfc062723c751e8b465ee728b)
Start importing Assets/Scripts/CoinCollect.cs using Guid(831fbd2394d71a74cb2bd67e823d6085) Importer(815301076,1909f56bfc062723c751e8b465ee728b)  -> (artifact id: '194db619bd6ef3d00f8b6c9edb03d213') in 0.010590 seconds
  Import took 0.013882 seconds .

========================================================================
Received Import Request.
  Time since last request: 0.032580 seconds.
  path: Assets/Scripts/CoinCollect.cs
  artifactKey: Guid(831fbd2394d71a74cb2bd67e823d6085) Importer(815301076,1909f56bfc062723c751e8b465ee728b)
Start importing Assets/Scripts/CoinCollect.cs using Guid(831fbd2394d71a74cb2bd67e823d6085) Importer(815301076,1909f56bfc062723c751e8b465ee728b)  -> (artifact id: '194db619bd6ef3d00f8b6c9edb03d213') in 0.003386 seconds
  Import took 0.006725 seconds .

========================================================================
Received Import Request.
  Time since last request: 2.243004 seconds.
  path: Assets/Materials/Shining.mat
  artifactKey: Guid(2847b28089d2351429d1043d3d5b524d) Importer(815301076,1909f56bfc062723c751e8b465ee728b)
Start importing Assets/Materials/Shining.mat using Guid(2847b28089d2351429d1043d3d5b524d) Importer(815301076,1909f56bfc062723c751e8b465ee728b)  -> (artifact id: '371046ac200a3a29691c4379ef663e49') in 0.121080 seconds
  Import took 0.124155 seconds .

========================================================================
Received Import Request.
  Time since last request: 0.434403 seconds.
  path: Assets/Scripts/GameScore.cs
  artifactKey: Guid(734156f16724fd34ba2d883b0f43b600) Importer(815301076,1909f56bfc062723c751e8b465ee728b)
Start importing Assets/Scripts/GameScore.cs using Guid(734156f16724fd34ba2d883b0f43b600) Importer(815301076,1909f56bfc062723c751e8b465ee728b)  -> (artifact id: '983e283623fa7bab495b30702cb08003') in 0.011157 seconds
  Import took 0.016428 seconds .

========================================================================
Received Import Request.
  Time since last request: 0.012540 seconds.
  path: Assets/Scripts/GameScore.cs
  artifactKey: Guid(734156f16724fd34ba2d883b0f43b600) Importer(815301076,1909f56bfc062723c751e8b465ee728b)
Start importing Assets/Scripts/GameScore.cs using Guid(734156f16724fd34ba2d883b0f43b600) Importer(815301076,1909f56bfc062723c751e8b465ee728b)  -> (artifact id: '983e283623fa7bab495b30702cb08003') in 0.009231 seconds
  Import took 0.014235 seconds .

========================================================================
Received Prepare
Registering precompiled user dll's ...
Registered in 0.000662 seconds.
Begin MonoManager ReloadAssembly
Native extension for WindowsStandalone target not found
Native extension for WebGL target not found
Refreshing native plugins compatible for Editor in 0.28 ms, found 0 plugins.
Preloading 0 native plugins for Editor in 0.00 ms.
Invoked RoslynAnalysisRunner static constructor.
RoslynAnalysisRunner will not be running.
RoslynAnalysisRunner has terminated.
Mono: successfully reloaded assembly
- Completed reload, in  1.091 seconds
Platform modules already initialized, skipping
Refreshing native plugins compatible for Editor in 0.42 ms, found 0 plugins.
Preloading 0 native plugins for Editor in 0.00 ms.
Unloading 1220 Unused Serialized files (Serialized files now loaded: 0)
System memory in use before: 139.5 MB.
System memory in use after: 139.6 MB.

Unloading 6 unused Assets to reduce memory usage. Loaded Objects now: 1766.
Total: 2.413000 ms (FindLiveObjects: 0.206000 ms CreateObjectMapping: 0.097200 ms MarkObjects: 2.008100 ms  DeleteObjects: 0.100100 ms)

========================================================================
Received Prepare
Registering precompiled user dll's ...
Registered in 0.000942 seconds.
Begin MonoManager ReloadAssembly
Native extension for WindowsStandalone target not found
Native extension for WebGL target not found
Refreshing native plugins compatible for Editor in 0.30 ms, found 0 plugins.
Preloading 0 native plugins for Editor in 0.00 ms.
Invoked RoslynAnalysisRunner static constructor.
RoslynAnalysisRunner will not be running.
RoslynAnalysisRunner has terminated.
Mono: successfully reloaded assembly
- Completed reload, in  1.060 seconds
Platform modules already initialized, skipping
Refreshing native plugins compatible for Editor in 0.32 ms, found 0 plugins.
Preloading 0 native plugins for Editor in 0.00 ms.
Unloading 1220 Unused Serialized files (Serialized files now loaded: 0)
System memory in use before: 139.5 MB.
System memory in use after: 139.6 MB.

Unloading 5 unused Assets to reduce memory usage. Loaded Objects now: 1769.
Total: 2.502900 ms (FindLiveObjects: 0.212700 ms CreateObjectMapping: 0.093800 ms MarkObjects: 2.102300 ms  DeleteObjects: 0.092200 ms)

========================================================================
Received Prepare
Registering precompiled user dll's ...
Registered in 0.000634 seconds.
Begin MonoManager ReloadAssembly
Native extension for WindowsStandalone target not found
Native extension for WebGL target not found
Refreshing native plugins compatible for Editor in 0.77 ms, found 0 plugins.
Preloading 0 native plugins for Editor in 0.00 ms.
Invoked RoslynAnalysisRunner static constructor.
RoslynAnalysisRunner will not be running.
RoslynAnalysisRunner has terminated.
Mono: successfully reloaded assembly
- Completed reload, in  1.171 seconds
Platform modules already initialized, skipping
Refreshing native plugins compatible for Editor in 0.32 ms, found 0 plugins.
Preloading 0 native plugins for Editor in 0.00 ms.
Unloading 1220 Unused Serialized files (Serialized files now loaded: 0)
System memory in use before: 139.5 MB.
System memory in use after: 139.6 MB.

Unloading 5 unused Assets to reduce memory usage. Loaded Objects now: 1772.
Total: 2.316300 ms (FindLiveObjects: 0.213300 ms CreateObjectMapping: 0.096300 ms MarkObjects: 1.913800 ms  DeleteObjects: 0.090900 ms)

========================================================================
Received Prepare
Registering precompiled user dll's ...
Registered in 0.000667 seconds.
Begin MonoManager ReloadAssembly
Native extension for WindowsStandalone target not found
Native extension for WebGL target not found
Refreshing native plugins compatible for Editor in 0.27 ms, found 0 plugins.
Preloading 0 native plugins for Editor in 0.00 ms.
Invoked RoslynAnalysisRunner static constructor.
RoslynAnalysisRunner will not be running.
RoslynAnalysisRunner has terminated.
Mono: successfully reloaded assembly
- Completed reload, in  1.131 seconds
Platform modules already initialized, skipping
Refreshing native plugins compatible for Editor in 0.51 ms, found 0 plugins.
Preloading 0 native plugins for Editor in 0.00 ms.
Unloading 1220 Unused Serialized files (Serialized files now loaded: 0)
System memory in use before: 139.5 MB.
System memory in use after: 139.6 MB.

Unloading 5 unused Assets to reduce memory usage. Loaded Objects now: 1775.
Total: 4.078400 ms (FindLiveObjects: 1.062100 ms CreateObjectMapping: 0.298300 ms MarkObjects: 2.606600 ms  DeleteObjects: 0.109000 ms)

========================================================================
Received Prepare
Registering precompiled user dll's ...
Registered in 0.000610 seconds.
Begin MonoManager ReloadAssembly
Native extension for WindowsStandalone target not found
Native extension for WebGL target not found
Refreshing native plugins compatible for Editor in 0.27 ms, found 0 plugins.
Preloading 0 native plugins for Editor in 0.00 ms.
Invoked RoslynAnalysisRunner static constructor.
RoslynAnalysisRunner will not be running.
RoslynAnalysisRunner has terminated.
Mono: successfully reloaded assembly
- Completed reload, in  1.062 seconds
Platform modules already initialized, skipping
Refreshing native plugins compatible for Editor in 0.47 ms, found 0 plugins.
Preloading 0 native plugins for Editor in 0.00 ms.
Unloading 1220 Unused Serialized files (Serialized files now loaded: 0)
System memory in use before: 139.5 MB.
System memory in use after: 139.6 MB.

Unloading 5 unused Assets to reduce memory usage. Loaded Objects now: 1778.
Total: 2.122400 ms (FindLiveObjects: 0.222000 ms CreateObjectMapping: 0.094700 ms MarkObjects: 1.712000 ms  DeleteObjects: 0.091800 ms)

========================================================================
Received Prepare
Registering precompiled user dll's ...
Registered in 0.000763 seconds.
Begin MonoManager ReloadAssembly
Native extension for WindowsStandalone target not found
Native extension for WebGL target not found
Refreshing native plugins compatible for Editor in 0.26 ms, found 0 plugins.
Preloading 0 native plugins for Editor in 0.00 ms.
Invoked RoslynAnalysisRunner static constructor.
RoslynAnalysisRunner will not be running.
RoslynAnalysisRunner has terminated.
Mono: successfully reloaded assembly
- Completed reload, in  1.075 seconds
Platform modules already initialized, skipping
Refreshing native plugins compatible for Editor in 0.30 ms, found 0 plugins.
Preloading 0 native plugins for Editor in 0.00 ms.
Unloading 1220 Unused Serialized files (Serialized files now loaded: 0)
System memory in use before: 139.5 MB.
System memory in use after: 139.6 MB.

Unloading 5 unused Assets to reduce memory usage. Loaded Objects now: 1781.
Total: 2.525600 ms (FindLiveObjects: 0.350800 ms CreateObjectMapping: 0.093000 ms MarkObjects: 1.990700 ms  DeleteObjects: 0.089500 ms)

========================================================================
Received Prepare
Registering precompiled user dll's ...
Registered in 0.000731 seconds.
Begin MonoManager ReloadAssembly
Native extension for WindowsStandalone target not found
Native extension for WebGL target not found
Refreshing native plugins compatible for Editor in 0.29 ms, found 0 plugins.
Preloading 0 native plugins for Editor in 0.00 ms.
Invoked RoslynAnalysisRunner static constructor.
RoslynAnalysisRunner will not be running.
RoslynAnalysisRunner has terminated.
Mono: successfully reloaded assembly
- Completed reload, in  1.063 seconds
Platform modules already initialized, skipping
Refreshing native plugins compatible for Editor in 0.30 ms, found 0 plugins.
Preloading 0 native plugins for Editor in 0.00 ms.
Unloading 1220 Unused Serialized files (Serialized files now loaded: 0)
System memory in use before: 139.5 MB.
System memory in use after: 139.6 MB.

Unloading 5 unused Assets to reduce memory usage. Loaded Objects now: 1784.
Total: 2.440200 ms (FindLiveObjects: 0.272400 ms CreateObjectMapping: 0.092500 ms MarkObjects: 1.978900 ms  DeleteObjects: 0.094500 ms)

========================================================================
Received Prepare
Registering precompiled user dll's ...
Registered in 0.000693 seconds.
Begin MonoManager ReloadAssembly
Native extension for WindowsStandalone target not found
Native extension for WebGL target not found
Refreshing native plugins compatible for Editor in 0.27 ms, found 0 plugins.
Preloading 0 native plugins for Editor in 0.00 ms.
Invoked RoslynAnalysisRunner static constructor.
RoslynAnalysisRunner will not be running.
RoslynAnalysisRunner has terminated.
Mono: successfully reloaded assembly
- Completed reload, in  1.104 seconds
Platform modules already initialized, skipping
Refreshing native plugins compatible for Editor in 0.43 ms, found 0 plugins.
Preloading 0 native plugins for Editor in 0.00 ms.
Unloading 1220 Unused Serialized files (Serialized files now loaded: 0)
System memory in use before: 139.6 MB.
System memory in use after: 139.6 MB.

Unloading 5 unused Assets to reduce memory usage. Loaded Objects now: 1787.
Total: 3.492300 ms (FindLiveObjects: 0.420200 ms CreateObjectMapping: 0.137900 ms MarkObjects: 2.814700 ms  DeleteObjects: 0.116800 ms)

========================================================================
Received Prepare
Registering precompiled user dll's ...
Registered in 0.000938 seconds.
Begin MonoManager ReloadAssembly
Native extension for WindowsStandalone target not found
Native extension for WebGL target not found
Refreshing native plugins compatible for Editor in 0.29 ms, found 0 plugins.
Preloading 0 native plugins for Editor in 0.00 ms.
Invoked RoslynAnalysisRunner static constructor.
RoslynAnalysisRunner will not be running.
RoslynAnalysisRunner has terminated.
Mono: successfully reloaded assembly
- Completed reload, in  1.085 seconds
Platform modules already initialized, skipping
Refreshing native plugins compatible for Editor in 0.82 ms, found 0 plugins.
Preloading 0 native plugins for Editor in 0.00 ms.
Unloading 1220 Unused Serialized files (Serialized files now loaded: 0)
System memory in use before: 139.6 MB.
System memory in use after: 139.6 MB.

Unloading 5 unused Assets to reduce memory usage. Loaded Objects now: 1790.
Total: 3.731900 ms (FindLiveObjects: 0.334800 ms CreateObjectMapping: 0.148600 ms MarkObjects: 3.123900 ms  DeleteObjects: 0.122200 ms)

========================================================================
Received Prepare
Registering precompiled user dll's ...
Registered in 0.000631 seconds.
Begin MonoManager ReloadAssembly
Native extension for WindowsStandalone target not found
Native extension for WebGL target not found
Refreshing native plugins compatible for Editor in 0.26 ms, found 0 plugins.
Preloading 0 native plugins for Editor in 0.00 ms.
Invoked RoslynAnalysisRunner static constructor.
RoslynAnalysisRunner will not be running.
RoslynAnalysisRunner has terminated.
Mono: successfully reloaded assembly
- Completed reload, in  1.015 seconds
Platform modules already initialized, skipping
Refreshing native plugins compatible for Editor in 0.43 ms, found 0 plugins.
Preloading 0 native plugins for Editor in 0.00 ms.
Unloading 1220 Unused Serialized files (Serialized files now loaded: 0)
System memory in use before: 139.6 MB.
System memory in use after: 139.6 MB.

Unloading 5 unused Assets to reduce memory usage. Loaded Objects now: 1793.
Total: 2.340000 ms (FindLiveObjects: 0.212500 ms CreateObjectMapping: 0.095400 ms MarkObjects: 1.866500 ms  DeleteObjects: 0.163700 ms)

========================================================================
Received Prepare
Registering precompiled user dll's ...
Registered in 0.003040 seconds.
Begin MonoManager ReloadAssembly
Native extension for WindowsStandalone target not found
Native extension for WebGL target not found
Refreshing native plugins compatible for Editor in 0.62 ms, found 0 plugins.
Preloading 0 native plugins for Editor in 0.00 ms.
Invoked RoslynAnalysisRunner static constructor.
RoslynAnalysisRunner will not be running.
RoslynAnalysisRunner has terminated.
Mono: successfully reloaded assembly
- Completed reload, in  2.622 seconds
Platform modules already initialized, skipping
Refreshing native plugins compatible for Editor in 1.01 ms, found 0 plugins.
Preloading 0 native plugins for Editor in 0.00 ms.
Unloading 1220 Unused Serialized files (Serialized files now loaded: 0)
System memory in use before: 139.6 MB.
System memory in use after: 139.6 MB.

Unloading 5 unused Assets to reduce memory usage. Loaded Objects now: 1796.
Total: 9.779300 ms (FindLiveObjects: 0.920800 ms CreateObjectMapping: 0.754800 ms MarkObjects: 7.956000 ms  DeleteObjects: 0.127700 ms)

========================================================================
Received Prepare
Registering precompiled user dll's ...
Registered in 0.000877 seconds.
Begin MonoManager ReloadAssembly
Native extension for WindowsStandalone target not found
Native extension for WebGL target not found
Refreshing native plugins compatible for Editor in 0.91 ms, found 0 plugins.
Preloading 0 native plugins for Editor in 0.00 ms.
Invoked RoslynAnalysisRunner static constructor.
RoslynAnalysisRunner will not be running.
RoslynAnalysisRunner has terminated.
Mono: successfully reloaded assembly
- Completed reload, in  1.660 seconds
Platform modules already initialized, skipping
Refreshing native plugins compatible for Editor in 0.43 ms, found 0 plugins.
Preloading 0 native plugins for Editor in 0.00 ms.
Unloading 1220 Unused Serialized files (Serialized files now loaded: 0)
System memory in use before: 139.6 MB.
System memory in use after: 139.7 MB.

Unloading 5 unused Assets to reduce memory usage. Loaded Objects now: 1799.
Total: 2.591900 ms (FindLiveObjects: 0.314200 ms CreateObjectMapping: 0.133700 ms MarkObjects: 2.039000 ms  DeleteObjects: 0.102900 ms)

========================================================================
Received Prepare
Registering precompiled user dll's ...
Registered in 0.000663 seconds.
Begin MonoManager ReloadAssembly
Native extension for WindowsStandalone target not found
Native extension for WebGL target not found
Refreshing native plugins compatible for Editor in 0.30 ms, found 0 plugins.
Preloading 0 native plugins for Editor in 0.00 ms.
Invoked RoslynAnalysisRunner static constructor.
RoslynAnalysisRunner will not be running.
RoslynAnalysisRunner has terminated.
Mono: successfully reloaded assembly
- Completed reload, in  1.027 seconds
Platform modules already initialized, skipping
Refreshing native plugins compatible for Editor in 0.31 ms, found 0 plugins.
Preloading 0 native plugins for Editor in 0.00 ms.
Unloading 1220 Unused Serialized files (Serialized files now loaded: 0)
System memory in use before: 139.6 MB.
System memory in use after: 139.7 MB.

Unloading 5 unused Assets to reduce memory usage. Loaded Objects now: 1802.
Total: 3.337000 ms (FindLiveObjects: 0.348600 ms CreateObjectMapping: 0.139000 ms MarkObjects: 2.730000 ms  DeleteObjects: 0.117200 ms)

========================================================================
Received Prepare
Registering precompiled user dll's ...
Registered in 0.002034 seconds.
Begin MonoManager ReloadAssembly
Native extension for WindowsStandalone target not found
Native extension for WebGL target not found
Refreshing native plugins compatible for Editor in 0.53 ms, found 0 plugins.
Preloading 0 native plugins for Editor in 0.00 ms.
Invoked RoslynAnalysisRunner static constructor.
RoslynAnalysisRunner will not be running.
RoslynAnalysisRunner has terminated.
Mono: successfully reloaded assembly
- Completed reload, in  2.394 seconds
Platform modules already initialized, skipping
Refreshing native plugins compatible for Editor in 0.36 ms, found 0 plugins.
Preloading 0 native plugins for Editor in 0.00 ms.
Unloading 1220 Unused Serialized files (Serialized files now loaded: 0)
System memory in use before: 139.6 MB.
System memory in use after: 139.7 MB.

Unloading 5 unused Assets to reduce memory usage. Loaded Objects now: 1805.
Total: 2.995700 ms (FindLiveObjects: 0.243900 ms CreateObjectMapping: 0.061900 ms MarkObjects: 2.561300 ms  DeleteObjects: 0.126300 ms)

========================================================================
Received Prepare
Registering precompiled user dll's ...
Registered in 0.000633 seconds.
Begin MonoManager ReloadAssembly
Native extension for WindowsStandalone target not found
Native extension for WebGL target not found
Refreshing native plugins compatible for Editor in 0.28 ms, found 0 plugins.
Preloading 0 native plugins for Editor in 0.00 ms.
Invoked RoslynAnalysisRunner static constructor.
RoslynAnalysisRunner will not be running.
RoslynAnalysisRunner has terminated.
Mono: successfully reloaded assembly
- Completed reload, in  1.110 seconds
Platform modules already initialized, skipping
Refreshing native plugins compatible for Editor in 0.43 ms, found 0 plugins.
Preloading 0 native plugins for Editor in 0.00 ms.
Unloading 1220 Unused Serialized files (Serialized files now loaded: 0)
System memory in use before: 139.6 MB.
System memory in use after: 139.7 MB.

Unloading 5 unused Assets to reduce memory usage. Loaded Objects now: 1808.
Total: 3.558800 ms (FindLiveObjects: 0.337700 ms CreateObjectMapping: 0.139800 ms MarkObjects: 2.978500 ms  DeleteObjects: 0.100400 ms)

========================================================================
Received Prepare
Registering precompiled user dll's ...
Registered in 0.001911 seconds.
Begin MonoManager ReloadAssembly
Native extension for WindowsStandalone target not found
Native extension for WebGL target not found
Refreshing native plugins compatible for Editor in 0.27 ms, found 0 plugins.
Preloading 0 native plugins for Editor in 0.00 ms.
Invoked RoslynAnalysisRunner static constructor.
RoslynAnalysisRunner will not be running.
RoslynAnalysisRunner has terminated.
Mono: successfully reloaded assembly
- Completed reload, in  1.578 seconds
Platform modules already initialized, skipping
Refreshing native plugins compatible for Editor in 0.49 ms, found 0 plugins.
Preloading 0 native plugins for Editor in 0.00 ms.
Unloading 1220 Unused Serialized files (Serialized files now loaded: 0)
System memory in use before: 139.6 MB.
System memory in use after: 139.7 MB.

Unloading 5 unused Assets to reduce memory usage. Loaded Objects now: 1811.
Total: 2.076500 ms (FindLiveObjects: 0.162700 ms CreateObjectMapping: 0.047800 ms MarkObjects: 1.778000 ms  DeleteObjects: 0.086100 ms)

========================================================================
Received Prepare
Registering precompiled user dll's ...
Registered in 0.000973 seconds.
Begin MonoManager ReloadAssembly
Native extension for WindowsStandalone target not found
Native extension for WebGL target not found
Refreshing native plugins compatible for Editor in 0.30 ms, found 0 plugins.
Preloading 0 native plugins for Editor in 0.00 ms.
Invoked RoslynAnalysisRunner static constructor.
RoslynAnalysisRunner will not be running.
RoslynAnalysisRunner has terminated.
Mono: successfully reloaded assembly
- Completed reload, in  1.534 seconds
Platform modules already initialized, skipping
Refreshing native plugins compatible for Editor in 0.48 ms, found 0 plugins.
Preloading 0 native plugins for Editor in 0.00 ms.
Unloading 1220 Unused Serialized files (Serialized files now loaded: 0)
System memory in use before: 139.6 MB.
System memory in use after: 139.7 MB.

Unloading 5 unused Assets to reduce memory usage. Loaded Objects now: 1814.
Total: 3.054800 ms (FindLiveObjects: 0.174100 ms CreateObjectMapping: 0.052500 ms MarkObjects: 2.707900 ms  DeleteObjects: 0.117900 ms)

========================================================================
Received Prepare
Registering precompiled user dll's ...
Registered in 0.001038 seconds.
Begin MonoManager ReloadAssembly
Native extension for WindowsStandalone target not found
Native extension for WebGL target not found
Refreshing native plugins compatible for Editor in 0.42 ms, found 0 plugins.
Preloading 0 native plugins for Editor in 0.00 ms.
Invoked RoslynAnalysisRunner static constructor.
RoslynAnalysisRunner will not be running.
RoslynAnalysisRunner has terminated.
Mono: successfully reloaded assembly
- Completed reload, in  0.953 seconds
Platform modules already initialized, skipping
Refreshing native plugins compatible for Editor in 0.30 ms, found 0 plugins.
Preloading 0 native plugins for Editor in 0.00 ms.
Unloading 1220 Unused Serialized files (Serialized files now loaded: 0)
System memory in use before: 139.6 MB.
System memory in use after: 139.7 MB.

Unloading 5 unused Assets to reduce memory usage. Loaded Objects now: 1817.
Total: 2.896100 ms (FindLiveObjects: 0.352700 ms CreateObjectMapping: 0.140600 ms MarkObjects: 2.294400 ms  DeleteObjects: 0.106500 ms)

========================================================================
Received Prepare
Registering precompiled user dll's ...
Registered in 0.000985 seconds.
Begin MonoManager ReloadAssembly
Native extension for WindowsStandalone target not found
Native extension for WebGL target not found
Refreshing native plugins compatible for Editor in 0.26 ms, found 0 plugins.
Preloading 0 native plugins for Editor in 0.00 ms.
Invoked RoslynAnalysisRunner static constructor.
RoslynAnalysisRunner will not be running.
RoslynAnalysisRunner has terminated.
Mono: successfully reloaded assembly
- Completed reload, in  0.947 seconds
Platform modules already initialized, skipping
Refreshing native plugins compatible for Editor in 0.43 ms, found 0 plugins.
Preloading 0 native plugins for Editor in 0.00 ms.
Unloading 1220 Unused Serialized files (Serialized files now loaded: 0)
System memory in use before: 139.6 MB.
System memory in use after: 139.7 MB.

Unloading 5 unused Assets to reduce memory usage. Loaded Objects now: 1820.
Total: 2.887500 ms (FindLiveObjects: 0.325700 ms CreateObjectMapping: 0.166200 ms MarkObjects: 2.301700 ms  DeleteObjects: 0.092500 ms)

========================================================================
Received Prepare
Registering precompiled user dll's ...
Registered in 0.002255 seconds.
Begin MonoManager ReloadAssembly
Native extension for WindowsStandalone target not found
Native extension for WebGL target not found
Refreshing native plugins compatible for Editor in 0.34 ms, found 0 plugins.
Preloading 0 native plugins for Editor in 0.00 ms.
Invoked RoslynAnalysisRunner static constructor.
RoslynAnalysisRunner will not be running.
RoslynAnalysisRunner has terminated.
Mono: successfully reloaded assembly
- Completed reload, in  1.938 seconds
Platform modules already initialized, skipping
Refreshing native plugins compatible for Editor in 0.32 ms, found 0 plugins.
Preloading 0 native plugins for Editor in 0.00 ms.
Unloading 1220 Unused Serialized files (Serialized files now loaded: 0)
System memory in use before: 139.6 MB.
System memory in use after: 139.7 MB.

Unloading 5 unused Assets to reduce memory usage. Loaded Objects now: 1823.
Total: 7.992200 ms (FindLiveObjects: 0.560400 ms CreateObjectMapping: 0.215900 ms MarkObjects: 6.871900 ms  DeleteObjects: 0.336800 ms)

========================================================================
Received Prepare
Registering precompiled user dll's ...
Registered in 0.000864 seconds.
Begin MonoManager ReloadAssembly
Native extension for WindowsStandalone target not found
Native extension for WebGL target not found
Refreshing native plugins compatible for Editor in 0.27 ms, found 0 plugins.
Preloading 0 native plugins for Editor in 0.00 ms.
Invoked RoslynAnalysisRunner static constructor.
RoslynAnalysisRunner will not be running.
RoslynAnalysisRunner has terminated.
Mono: successfully reloaded assembly
- Completed reload, in  1.074 seconds
Platform modules already initialized, skipping
Refreshing native plugins compatible for Editor in 0.43 ms, found 0 plugins.
Preloading 0 native plugins for Editor in 0.00 ms.
Unloading 1220 Unused Serialized files (Serialized files now loaded: 0)
System memory in use before: 139.6 MB.
System memory in use after: 139.7 MB.

Unloading 5 unused Assets to reduce memory usage. Loaded Objects now: 1826.
Total: 3.194100 ms (FindLiveObjects: 0.342300 ms CreateObjectMapping: 0.139400 ms MarkObjects: 2.602700 ms  DeleteObjects: 0.107600 ms)

========================================================================
Received Prepare
Registering precompiled user dll's ...
Registered in 0.000673 seconds.
Begin MonoManager ReloadAssembly
Native extension for WindowsStandalone target not found
Native extension for WebGL target not found
Refreshing native plugins compatible for Editor in 0.28 ms, found 0 plugins.
Preloading 0 native plugins for Editor in 0.00 ms.
Invoked RoslynAnalysisRunner static constructor.
RoslynAnalysisRunner will not be running.
RoslynAnalysisRunner has terminated.
Mono: successfully reloaded assembly
- Completed reload, in  1.017 seconds
Platform modules already initialized, skipping
Refreshing native plugins compatible for Editor in 0.32 ms, found 0 plugins.
Preloading 0 native plugins for Editor in 0.00 ms.
Unloading 1220 Unused Serialized files (Serialized files now loaded: 0)
System memory in use before: 139.6 MB.
System memory in use after: 139.7 MB.

Unloading 5 unused Assets to reduce memory usage. Loaded Objects now: 1829.
Total: 2.241200 ms (FindLiveObjects: 0.173500 ms CreateObjectMapping: 0.047600 ms MarkObjects: 1.929300 ms  DeleteObjects: 0.089700 ms)

========================================================================
Received Prepare
Registering precompiled user dll's ...
Registered in 0.001133 seconds.
Begin MonoManager ReloadAssembly
Native extension for WindowsStandalone target not found
Native extension for WebGL target not found
Refreshing native plugins compatible for Editor in 0.32 ms, found 0 plugins.
Preloading 0 native plugins for Editor in 0.00 ms.
Invoked RoslynAnalysisRunner static constructor.
RoslynAnalysisRunner will not be running.
RoslynAnalysisRunner has terminated.
Mono: successfully reloaded assembly
- Completed reload, in  1.121 seconds
Platform modules already initialized, skipping
Refreshing native plugins compatible for Editor in 0.83 ms, found 0 plugins.
Preloading 0 native plugins for Editor in 0.00 ms.
Unloading 1220 Unused Serialized files (Serialized files now loaded: 0)
System memory in use before: 139.6 MB.
System memory in use after: 139.7 MB.

Unloading 5 unused Assets to reduce memory usage. Loaded Objects now: 1832.
Total: 3.053900 ms (FindLiveObjects: 0.337400 ms CreateObjectMapping: 0.134900 ms MarkObjects: 2.296400 ms  DeleteObjects: 0.283200 ms)

========================================================================
Received Prepare
Registering precompiled user dll's ...
Registered in 0.000902 seconds.
Begin MonoManager ReloadAssembly
Native extension for WindowsStandalone target not found
Native extension for WebGL target not found
Refreshing native plugins compatible for Editor in 0.29 ms, found 0 plugins.
Preloading 0 native plugins for Editor in 0.00 ms.
Invoked RoslynAnalysisRunner static constructor.
RoslynAnalysisRunner will not be running.
RoslynAnalysisRunner has terminated.
Mono: successfully reloaded assembly
- Completed reload, in  1.292 seconds
Platform modules already initialized, skipping
Refreshing native plugins compatible for Editor in 0.55 ms, found 0 plugins.
Preloading 0 native plugins for Editor in 0.00 ms.
Unloading 1220 Unused Serialized files (Serialized files now loaded: 0)
System memory in use before: 139.6 MB.
System memory in use after: 139.7 MB.

Unloading 5 unused Assets to reduce memory usage. Loaded Objects now: 1835.
Total: 3.526600 ms (FindLiveObjects: 0.411100 ms CreateObjectMapping: 0.142600 ms MarkObjects: 2.849300 ms  DeleteObjects: 0.120800 ms)

========================================================================
Received Prepare
Registering precompiled user dll's ...
Registered in 0.001107 seconds.
Begin MonoManager ReloadAssembly
Native extension for WindowsStandalone target not found
Native extension for WebGL target not found
Refreshing native plugins compatible for Editor in 0.32 ms, found 0 plugins.
Preloading 0 native plugins for Editor in 0.00 ms.
Invoked RoslynAnalysisRunner static constructor.
RoslynAnalysisRunner will not be running.
RoslynAnalysisRunner has terminated.
Mono: successfully reloaded assembly
- Completed reload, in  1.327 seconds
Platform modules already initialized, skipping
Refreshing native plugins compatible for Editor in 0.45 ms, found 0 plugins.
Preloading 0 native plugins for Editor in 0.00 ms.
Unloading 1220 Unused Serialized files (Serialized files now loaded: 0)
System memory in use before: 139.6 MB.
System memory in use after: 139.7 MB.

Unloading 5 unused Assets to reduce memory usage. Loaded Objects now: 1838.
Total: 5.717600 ms (FindLiveObjects: 0.793000 ms CreateObjectMapping: 0.196600 ms MarkObjects: 4.606300 ms  DeleteObjects: 0.108700 ms)

========================================================================
Received Import Request.
  Time since last request: 106940.289692 seconds.
  path: Assets/A voice-over for Game Over/GameOver - Beast 01.ogg
  artifactKey: Guid(cf837b939e8eae0419ccc3d4ba6f78b7) Importer(815301076,1909f56bfc062723c751e8b465ee728b)
Start importing Assets/A voice-over for Game Over/GameOver - Beast 01.ogg using Guid(cf837b939e8eae0419ccc3d4ba6f78b7) Importer(815301076,1909f56bfc062723c751e8b465ee728b)  -> (artifact id: '0ad6688b7801886b79fc36d9d25cbbf6') in 0.123665 seconds
  Import took 0.128714 seconds .

========================================================================
Received Import Request.
  Time since last request: 0.000737 seconds.
  path: Assets/A voice-over for Game Over/GameOver - Little Critter 01.ogg
  artifactKey: Guid(c6e2ac8a2ab165a4f9d60fbd8c2a76a1) Importer(815301076,1909f56bfc062723c751e8b465ee728b)
Start importing Assets/A voice-over for Game Over/GameOver - Little Critter 01.ogg using Guid(c6e2ac8a2ab165a4f9d60fbd8c2a76a1) Importer(815301076,1909f56bfc062723c751e8b465ee728b)  -> (artifact id: '6d4b2e27f3b02b66f2e116a1cd95434b') in 0.072360 seconds
  Import took 0.074762 seconds .

========================================================================
Received Import Request.
  Time since last request: 0.000330 seconds.
  path: Assets/A voice-over for Game Over/GameOver - madman.ogg
  artifactKey: Guid(8a5c5cece581563418c087f415ac32ef) Importer(815301076,1909f56bfc062723c751e8b465ee728b)
Start importing Assets/A voice-over for Game Over/GameOver - madman.ogg using Guid(8a5c5cece581563418c087f415ac32ef) Importer(815301076,1909f56bfc062723c751e8b465ee728b)  -> (artifact id: '87144e852174420d9c29b34a9e0d6ec5') in 0.035689 seconds
  Import took 0.040475 seconds .

========================================================================
Received Import Request.
  Time since last request: 0.000862 seconds.
  path: Assets/A voice-over for Game Over/GameOver - Frog 01.ogg
  artifactKey: Guid(3f8d457938333164c9ce61a80efdc13e) Importer(815301076,1909f56bfc062723c751e8b465ee728b)
Start importing Assets/A voice-over for Game Over/GameOver - Frog 01.ogg using Guid(3f8d457938333164c9ce61a80efdc13e) Importer(815301076,1909f56bfc062723c751e8b465ee728b)  -> (artifact id: '44311b912136423096f61372c2d836c6') in 0.035844 seconds
  Import took 0.043239 seconds .

========================================================================
Received Import Request.
  Time since last request: 0.000623 seconds.
  path: Assets/A voice-over for Game Over/GameOver - Charlie U Style 02.ogg
  artifactKey: Guid(c963db0fbf1e916488dd0ed7673b4ad6) Importer(815301076,1909f56bfc062723c751e8b465ee728b)
Start importing Assets/A voice-over for Game Over/GameOver - Charlie U Style 02.ogg using Guid(c963db0fbf1e916488dd0ed7673b4ad6) Importer(815301076,1909f56bfc062723c751e8b465ee728b)  -> (artifact id: '03eac756008e0b457634b0386db0d44b') in 0.035688 seconds
  Import took 0.041492 seconds .

========================================================================
Received Import Request.
  Time since last request: 0.000707 seconds.
  path: Assets/A voice-over for Game Over/GameOver - Low Voice 01.ogg
  artifactKey: Guid(71545e449b0129848916df37033b6264) Importer(815301076,1909f56bfc062723c751e8b465ee728b)
Start importing Assets/A voice-over for Game Over/GameOver - Low Voice 01.ogg using Guid(71545e449b0129848916df37033b6264) Importer(815301076,1909f56bfc062723c751e8b465ee728b)  -> (artifact id: '35becc799e4a47ed8f7a20db4df44819') in 0.052175 seconds
  Import took 0.056168 seconds .

========================================================================
Received Import Request.
  Time since last request: 0.000206 seconds.
  path: Assets/A voice-over for Game Over/GameOver - Little Critter 02.ogg
  artifactKey: Guid(14f5db9d8fc32e64597e162df78aa92a) Importer(815301076,1909f56bfc062723c751e8b465ee728b)
Start importing Assets/A voice-over for Game Over/GameOver - Little Critter 02.ogg using Guid(14f5db9d8fc32e64597e162df78aa92a) Importer(815301076,1909f56bfc062723c751e8b465ee728b)  -> (artifact id: 'fe7392cdfdf895f2995bbdc328aa16d8') in 0.048394 seconds
  Import took 0.051231 seconds .

========================================================================
Received Import Request.
  Time since last request: 0.000231 seconds.
  path: Assets/A voice-over for Game Over/GameOver - Low Voice 03.ogg
  artifactKey: Guid(5b467a0e6b021b34d8fc0b7f97a5eb24) Importer(815301076,1909f56bfc062723c751e8b465ee728b)
Start importing Assets/A voice-over for Game Over/GameOver - Low Voice 03.ogg using Guid(5b467a0e6b021b34d8fc0b7f97a5eb24) Importer(815301076,1909f56bfc062723c751e8b465ee728b)  -> (artifact id: '22eff508d29bf8d2c72764981bfdebac') in 0.046652 seconds
  Import took 0.049300 seconds .

========================================================================
Received Import Request.
  Time since last request: 0.000183 seconds.
  path: Assets/A voice-over for Game Over/GameOver - Wraith 01.ogg
  artifactKey: Guid(52fc07685c4be14429ef35552e317756) Importer(815301076,1909f56bfc062723c751e8b465ee728b)
Start importing Assets/A voice-over for Game Over/GameOver - Wraith 01.ogg using Guid(52fc07685c4be14429ef35552e317756) Importer(815301076,1909f56bfc062723c751e8b465ee728b)  -> (artifact id: '62a3234af340e3893c42dd403433db3b') in 0.048345 seconds
  Import took 0.051118 seconds .

========================================================================
Received Import Request.
  Time since last request: 0.000193 seconds.
  path: Assets/A voice-over for Game Over/GameOver - Wraith 02.ogg
  artifactKey: Guid(00a7dbac8bab3354bb67cecdda369f30) Importer(815301076,1909f56bfc062723c751e8b465ee728b)
Start importing Assets/A voice-over for Game Over/GameOver - Wraith 02.ogg using Guid(00a7dbac8bab3354bb67cecdda369f30) Importer(815301076,1909f56bfc062723c751e8b465ee728b)  -> (artifact id: 'bf35e99263cd08f316a9ddfa0c7ef4de') in 0.050580 seconds
  Import took 0.053581 seconds .

========================================================================
Received Import Request.
  Time since last request: 0.000276 seconds.
  path: Assets/A voice-over for Game Over/GameOver - Beast 02.ogg
  artifactKey: Guid(5688d879c9e22c6468f8440423a26d86) Importer(815301076,1909f56bfc062723c751e8b465ee728b)
Start importing Assets/A voice-over for Game Over/GameOver - Beast 02.ogg using Guid(5688d879c9e22c6468f8440423a26d86) Importer(815301076,1909f56bfc062723c751e8b465ee728b)  -> (artifact id: 'b367c57357fd5881d7273e92e9368251') in 0.083497 seconds
  Import took 0.086955 seconds .

========================================================================
Received Import Request.
  Time since last request: 0.000244 seconds.
  path: Assets/A voice-over for Game Over/GameOver - Beast 03.ogg
  artifactKey: Guid(23c231f7d139a8548a1e564dedc22ec0) Importer(815301076,1909f56bfc062723c751e8b465ee728b)
Start importing Assets/A voice-over for Game Over/GameOver - Beast 03.ogg using Guid(23c231f7d139a8548a1e564dedc22ec0) Importer(815301076,1909f56bfc062723c751e8b465ee728b)  -> (artifact id: '480953a8eb16589ac3aa95baabd95d24') in 0.051698 seconds
  Import took 0.055413 seconds .

========================================================================
Received Import Request.
  Time since last request: 0.000270 seconds.
  path: Assets/A voice-over for Game Over/GameOver - Charlie U Style 01.ogg
  artifactKey: Guid(93b65ba03d7561348bcc1b8ef53d6db8) Importer(815301076,1909f56bfc062723c751e8b465ee728b)
Start importing Assets/A voice-over for Game Over/GameOver - Charlie U Style 01.ogg using Guid(93b65ba03d7561348bcc1b8ef53d6db8) Importer(815301076,1909f56bfc062723c751e8b465ee728b)  -> (artifact id: 'ecb7fe572a6906585aec89f0d6a8d6f2') in 0.049223 seconds
  Import took 0.053166 seconds .

========================================================================
Received Import Request.
  Time since last request: 0.000285 seconds.
  path: Assets/A voice-over for Game Over/GameOver - Chipmunk 01.ogg
  artifactKey: Guid(00a7662abd8ed9a48beda72e8f7e8da0) Importer(815301076,1909f56bfc062723c751e8b465ee728b)
Start importing Assets/A voice-over for Game Over/GameOver - Chipmunk 01.ogg using Guid(00a7662abd8ed9a48beda72e8f7e8da0) Importer(815301076,1909f56bfc062723c751e8b465ee728b)  -> (artifact id: '717ede2247c19a8f0748a3d96812c0cb') in 0.112478 seconds
  Import took 0.135158 seconds .

========================================================================
Received Import Request.
  Time since last request: 0.000296 seconds.
  path: Assets/A voice-over for Game Over/GameOver - Standard 02.ogg
  artifactKey: Guid(7b3d5162fa3b36f47b542e93b9a71e8d) Importer(815301076,1909f56bfc062723c751e8b465ee728b)
Start importing Assets/A voice-over for Game Over/GameOver - Standard 02.ogg using Guid(7b3d5162fa3b36f47b542e93b9a71e8d) Importer(815301076,1909f56bfc062723c751e8b465ee728b)  -> (artifact id: '91d152701f8f7f9475df38523ee9b1d5') in 0.098111 seconds
  Import took 0.102090 seconds .

========================================================================
Received Import Request.
  Time since last request: 0.000250 seconds.
  path: Assets/A voice-over for Game Over/GameOver - Gentle 02.ogg
  artifactKey: Guid(d1d0551733f07a64d99cb53dd089b54f) Importer(815301076,1909f56bfc062723c751e8b465ee728b)
Start importing Assets/A voice-over for Game Over/GameOver - Gentle 02.ogg using Guid(d1d0551733f07a64d99cb53dd089b54f) Importer(815301076,1909f56bfc062723c751e8b465ee728b)  -> (artifact id: 'c8d241e1c33e90294b2691778a839587') in 0.058354 seconds
  Import took 0.062455 seconds .

========================================================================
Received Import Request.
  Time since last request: 0.000270 seconds.
  path: Assets/A voice-over for Game Over/GameOver - other 01.ogg
  artifactKey: Guid(2b6112f2ebf2842429e09c95a5c28856) Importer(815301076,1909f56bfc062723c751e8b465ee728b)
Start importing Assets/A voice-over for Game Over/GameOver - other 01.ogg using Guid(2b6112f2ebf2842429e09c95a5c28856) Importer(815301076,1909f56bfc062723c751e8b465ee728b)  -> (artifact id: '2893f09d8ba2eb9f59c861c840c8f02e') in 0.055213 seconds
  Import took 0.059094 seconds .

========================================================================
Received Import Request.
  Time since last request: 0.000286 seconds.
  path: Assets/A voice-over for Game Over/GameOver - Low Voice 02.ogg
  artifactKey: Guid(8f96e632bbe40d64daa56eff16f6f308) Importer(815301076,1909f56bfc062723c751e8b465ee728b)
Start importing Assets/A voice-over for Game Over/GameOver - Low Voice 02.ogg using Guid(8f96e632bbe40d64daa56eff16f6f308) Importer(815301076,1909f56bfc062723c751e8b465ee728b)  -> (artifact id: 'c10255cfb0e9d681ac0dafe1119880ad') in 0.048185 seconds
  Import took 0.054738 seconds .

========================================================================
Received Import Request.
  Time since last request: 0.000230 seconds.
  path: Assets/A voice-over for Game Over/GameOver - Whisper 02.ogg
  artifactKey: Guid(068cc3291fd399048b0926591a35443c) Importer(815301076,1909f56bfc062723c751e8b465ee728b)
Start importing Assets/A voice-over for Game Over/GameOver - Whisper 02.ogg using Guid(068cc3291fd399048b0926591a35443c) Importer(815301076,1909f56bfc062723c751e8b465ee728b)  -> (artifact id: 'c699563285d557a89d00412d9283cb35') in 0.056935 seconds
  Import took 0.060756 seconds .

========================================================================
Received Import Request.
  Time since last request: 0.000236 seconds.
  path: Assets/A voice-over for Game Over/GameOver - Standard 04.ogg
  artifactKey: Guid(aaa4ca6993def5d4ca6a6a1d42d47560) Importer(815301076,1909f56bfc062723c751e8b465ee728b)
Start importing Assets/A voice-over for Game Over/GameOver - Standard 04.ogg using Guid(aaa4ca6993def5d4ca6a6a1d42d47560) Importer(815301076,1909f56bfc062723c751e8b465ee728b)  -> (artifact id: 'bc0389d35ff59bcf83f94592757dd575') in 0.054884 seconds
  Import took 0.059608 seconds .

========================================================================
Received Import Request.
  Time since last request: 0.000236 seconds.
  path: Assets/A voice-over for Game Over/GameOver - Frog 03.ogg
  artifactKey: Guid(d1736d28de496eb4ba3aed9ca96dcdbd) Importer(815301076,1909f56bfc062723c751e8b465ee728b)
Start importing Assets/A voice-over for Game Over/GameOver - Frog 03.ogg using Guid(d1736d28de496eb4ba3aed9ca96dcdbd) Importer(815301076,1909f56bfc062723c751e8b465ee728b)  -> (artifact id: '00e0e8afc299694a8386913f00fe66b3') in 0.056042 seconds
  Import took 0.059360 seconds .

========================================================================
Received Import Request.
  Time since last request: 0.000234 seconds.
  path: Assets/A voice-over for Game Over/GameOver - Noisy Choir.ogg
  artifactKey: Guid(3379341656e1fa648ba828aea191494a) Importer(815301076,1909f56bfc062723c751e8b465ee728b)
Start importing Assets/A voice-over for Game Over/GameOver - Noisy Choir.ogg using Guid(3379341656e1fa648ba828aea191494a) Importer(815301076,1909f56bfc062723c751e8b465ee728b)  -> (artifact id: '9b19f2902d45559c47f202e6fc6b12b7') in 0.051940 seconds
  Import took 0.054944 seconds .

========================================================================
Received Import Request.
  Time since last request: 0.000236 seconds.
  path: Assets/A voice-over for Game Over/GameOver - Standard 01.ogg
  artifactKey: Guid(b994f8c641daec941b9d5c69c3c143b0) Importer(815301076,1909f56bfc062723c751e8b465ee728b)
Start importing Assets/A voice-over for Game Over/GameOver - Standard 01.ogg using Guid(b994f8c641daec941b9d5c69c3c143b0) Importer(815301076,1909f56bfc062723c751e8b465ee728b)  -> (artifact id: '70243687fbf433cc1fa6e4e03b9b7d41') in 0.053644 seconds
  Import took 0.056936 seconds .

========================================================================
Received Import Request.
  Time since last request: 0.000235 seconds.
  path: Assets/A voice-over for Game Over/GameOver - Chipmunk 02.ogg
  artifactKey: Guid(9565dd071163a4046b3d16445fc3ab6b) Importer(815301076,1909f56bfc062723c751e8b465ee728b)
Start importing Assets/A voice-over for Game Over/GameOver - Chipmunk 02.ogg using Guid(9565dd071163a4046b3d16445fc3ab6b) Importer(815301076,1909f56bfc062723c751e8b465ee728b)  -> (artifact id: '51297d2c2d15f9d12c3dcb773311dc47') in 0.057840 seconds
  Import took 0.060517 seconds .

========================================================================
Received Import Request.
  Time since last request: 0.000195 seconds.
  path: Assets/A voice-over for Game Over/GameOver - Frog 02.ogg
  artifactKey: Guid(be9514e17b9368d49a691e15e01ef1e4) Importer(815301076,1909f56bfc062723c751e8b465ee728b)
Start importing Assets/A voice-over for Game Over/GameOver - Frog 02.ogg using Guid(be9514e17b9368d49a691e15e01ef1e4) Importer(815301076,1909f56bfc062723c751e8b465ee728b)  -> (artifact id: 'b91fe72b5d8fa7afe0b423624ee45431') in 0.048160 seconds
  Import took 0.051018 seconds .

========================================================================
Received Import Request.
  Time since last request: 0.000199 seconds.
  path: Assets/A voice-over for Game Over/GameOver - Standard 03.ogg
  artifactKey: Guid(646f15238699e97418f2b81b2be11522) Importer(815301076,1909f56bfc062723c751e8b465ee728b)
Start importing Assets/A voice-over for Game Over/GameOver - Standard 03.ogg using Guid(646f15238699e97418f2b81b2be11522) Importer(815301076,1909f56bfc062723c751e8b465ee728b)  -> (artifact id: '346512383184b0393a1ce0cb2cef8e8a') in 0.033266 seconds
  Import took 0.037837 seconds .

========================================================================
Received Import Request.
  Time since last request: 0.000561 seconds.
  path: Assets/A voice-over for Game Over/GameOver - Standard 05.ogg
  artifactKey: Guid(32404c918c89ced46b4113ab576053d5) Importer(815301076,1909f56bfc062723c751e8b465ee728b)
Start importing Assets/A voice-over for Game Over/GameOver - Standard 05.ogg using Guid(32404c918c89ced46b4113ab576053d5) Importer(815301076,1909f56bfc062723c751e8b465ee728b)  -> (artifact id: '46af55ca9b8a02df7af04480f794abf0') in 0.057363 seconds
  Import took 0.061463 seconds .

========================================================================
Received Import Request.
  Time since last request: 0.000262 seconds.
  path: Assets/A voice-over for Game Over/GameOver - Computer 02.ogg
  artifactKey: Guid(89d2c199d8ef72242814519a75a53b63) Importer(815301076,1909f56bfc062723c751e8b465ee728b)
Start importing Assets/A voice-over for Game Over/GameOver - Computer 02.ogg using Guid(89d2c199d8ef72242814519a75a53b63) Importer(815301076,1909f56bfc062723c751e8b465ee728b)  -> (artifact id: 'a3f831aa95ad82ce28e131226fa16f2b') in 0.052021 seconds
  Import took 0.055973 seconds .

========================================================================
Received Import Request.
  Time since last request: 0.000247 seconds.
  path: Assets/A voice-over for Game Over/GameOver - Computer 01.ogg
  artifactKey: Guid(39c363e05a5eede45aa03a763dfc31b4) Importer(815301076,1909f56bfc062723c751e8b465ee728b)
Start importing Assets/A voice-over for Game Over/GameOver - Computer 01.ogg using Guid(39c363e05a5eede45aa03a763dfc31b4) Importer(815301076,1909f56bfc062723c751e8b465ee728b)  -> (artifact id: '6f3949b2b573471b8b763c6f41badf1e') in 0.057280 seconds
  Import took 0.059659 seconds .

========================================================================
Received Import Request.
  Time since last request: 0.000210 seconds.
  path: Assets/A voice-over for Game Over/GameOver - Gentle 01.ogg
  artifactKey: Guid(171451a906021b1428a3fb894f4286d7) Importer(815301076,1909f56bfc062723c751e8b465ee728b)
Start importing Assets/A voice-over for Game Over/GameOver - Gentle 01.ogg using Guid(171451a906021b1428a3fb894f4286d7) Importer(815301076,1909f56bfc062723c751e8b465ee728b)  -> (artifact id: '1b171bea55927620a5c5418a282e93af') in 0.050235 seconds
  Import took 0.054108 seconds .

========================================================================
Received Import Request.
  Time since last request: 0.000225 seconds.
  path: Assets/A voice-over for Game Over/GameOver - Chipmunk 03.ogg
  artifactKey: Guid(35b1d6b4338d5d24aa3c4e568d428d3c) Importer(815301076,1909f56bfc062723c751e8b465ee728b)
Start importing Assets/A voice-over for Game Over/GameOver - Chipmunk 03.ogg using Guid(35b1d6b4338d5d24aa3c4e568d428d3c) Importer(815301076,1909f56bfc062723c751e8b465ee728b)  -> (artifact id: 'b246cde968cc7994cf99954f8dc31e5e') in 0.052926 seconds
  Import took 0.055972 seconds .

========================================================================
Received Import Request.
  Time since last request: 0.000226 seconds.
  path: Assets/A voice-over for Game Over/GameOver - other 03.ogg
  artifactKey: Guid(c247fc425545c8f4bbdc9f5b4412b1f1) Importer(815301076,1909f56bfc062723c751e8b465ee728b)
Start importing Assets/A voice-over for Game Over/GameOver - other 03.ogg using Guid(c247fc425545c8f4bbdc9f5b4412b1f1) Importer(815301076,1909f56bfc062723c751e8b465ee728b)  -> (artifact id: '7a3acee73d241e733250143de7ae1a12') in 0.054679 seconds
  Import took 0.058294 seconds .

========================================================================
Received Import Request.
  Time since last request: 0.000230 seconds.
  path: Assets/A voice-over for Game Over/GameOver - Robot 01.ogg
  artifactKey: Guid(8f25e29d1321bed428b8025e5822781d) Importer(815301076,1909f56bfc062723c751e8b465ee728b)
Start importing Assets/A voice-over for Game Over/GameOver - Robot 01.ogg using Guid(8f25e29d1321bed428b8025e5822781d) Importer(815301076,1909f56bfc062723c751e8b465ee728b)  -> (artifact id: '6ef8c2327a4567b43fabf9e223d3bceb') in 0.057386 seconds
  Import took 0.059859 seconds .

========================================================================
Received Import Request.
  Time since last request: 0.000208 seconds.
  path: Assets/A voice-over for Game Over/GameOver - other 02.ogg
  artifactKey: Guid(9b6a0c1ac5ff75f4b9ce72d610d37dc8) Importer(815301076,1909f56bfc062723c751e8b465ee728b)
Start importing Assets/A voice-over for Game Over/GameOver - other 02.ogg using Guid(9b6a0c1ac5ff75f4b9ce72d610d37dc8) Importer(815301076,1909f56bfc062723c751e8b465ee728b)  -> (artifact id: '662c0ace08152f798d0e2d889fad5779') in 0.054786 seconds
  Import took 0.058281 seconds .

========================================================================
Received Import Request.
  Time since last request: 0.000277 seconds.
  path: Assets/A voice-over for Game Over/GameOver - Whisper 01.ogg
  artifactKey: Guid(1e54eff6e36a48a4ea2dde9d11267eef) Importer(815301076,1909f56bfc062723c751e8b465ee728b)
Start importing Assets/A voice-over for Game Over/GameOver - Whisper 01.ogg using Guid(1e54eff6e36a48a4ea2dde9d11267eef) Importer(815301076,1909f56bfc062723c751e8b465ee728b)  -> (artifact id: '77491defc87563536d811f763b8f3017') in 0.062376 seconds
  Import took 0.065557 seconds .

AssetImportWorkerClient::OnTransportError - code=2 error=End of file
